2025-08-12 02:02:26,587 - EngineMain - INFO - Loaded configuration from ../../test_config.yaml
2025-08-12 02:02:26,588 - EngineService - INFO - EngineService created with configuration
2025-08-12 02:02:29,461 - QuantumCore - INFO - Precision Traversal Contractor initialized
2025-08-12 02:02:30,552 - EngineService - INFO - Engine initialized successfully
2025-08-12 02:02:30,553 - EngineMain - INFO - Engine initialized successfully: Engine initialized successfully
2025-08-12 02:02:30,553 - EngineMain - INFO - Starting simulation with 5 steps
2025-08-12 02:02:31,629 - QuantumCore - INFO - Reset global phase in layer 3 due to drift 1.71e-02 > 0.001
2025-08-12 02:02:32,854 - EngineMain - INFO - Step    0/5: r=0.100, ANE=1.18e-34, γ=1.000, τ=0.050
2025-08-12 02:02:33,927 - EngineMain - INFO - Saved snapshot to test_snapshots/snapshot_step_000000.yaml
2025-08-12 02:02:34,990 - QuantumCore - INFO - Reset global phase in layer 3 due to drift 2.00e-02 > 0.001
2025-08-12 02:02:37,277 - QuantumCore - INFO - Reset global phase in layer 3 due to drift 2.28e-02 > 0.001
2025-08-12 02:02:39,561 - EngineMain - INFO - Saved snapshot to test_snapshots/snapshot_step_000002.yaml
2025-08-12 02:02:40,628 - QuantumCore - INFO - Reset global phase in layer 3 due to drift 2.28e-02 > 0.001
2025-08-12 02:02:42,930 - QuantumCore - INFO - Reset global phase in layer 3 due to drift 2.28e-02 > 0.001
2025-08-12 02:02:45,237 - EngineMain - INFO - Saved snapshot to test_snapshots/snapshot_step_000004.yaml
2025-08-12 02:02:45,237 - EngineMain - INFO - Simulation completed in 14.68 seconds
2025-08-12 02:02:46,307 - EngineMain - INFO - Saved snapshot to test_snapshots/snapshot_step_000004.yaml
2025-08-12 02:02:46,308 - QuantumCore - INFO - Saved 5 rows to CSV: ./test_recordings.csv
2025-08-12 02:02:46,308 - QuantumCore - INFO - Saved 5 rows to JSONL: ./test_recordings.jsonl
2025-08-12 02:02:46,308 - QuantumCore - WARNING - pandas/pyarrow not available, skipping Parquet export
2025-08-12 02:02:46,309 - EngineMain - INFO - Recordings saved: Recordings saved to ./test_recordings
2025-08-12 02:02:46,309 - QuantumCore - INFO - Saved 5 rows to CSV: ./final_recordings.csv
2025-08-12 02:02:46,309 - QuantumCore - INFO - Saved 5 rows to JSONL: ./final_recordings.jsonl
2025-08-12 02:02:46,309 - QuantumCore - WARNING - pandas/pyarrow not available, skipping Parquet export
2025-08-12 02:02:46,328 - EngineService - INFO - Engine service shutdown completed
2025-08-12 02:02:46,328 - EngineMain - INFO - Engine shutdown completed
